Arguments: 
  C:\Program Files\nodejs\node.exe C:\Users\Mbedn\AppData\Roaming\npm\node_modules\yarn\bin\yarn.js add express realm ejs body-parser

PATH: 
  C:\Python27\;C:\Python27\Scripts;C:\Program Files\ImageMagick-7.0.5-Q16;C:\ProgramData\Oracle\Java\javapath;C:\Windows\system32;C:\Windows;C:\Windows\System32\Wbem;C:\Windows\System32\WindowsPowerShell\v1.0\;C:\Program Files (x86)\Skype\Phone\;C:\Program Files (x86)\Brackets\command;C:\Users\Mbedn\.dnx\bin;C:\Program Files\Microsoft DNX\Dnvm\;C:\Program Files\Microsoft SQL Server\120\Tools\Binn\;C:\Program Files\Microsoft SQL Server\130\Tools\Binn\;C:\Program Files (x86)\QuickTime\QTSystem\;C:\Program Files\Git\cmd;C:\Program Files\Git\mingw64\bin;C:\Program Files\Git\usr\bin;C:\Program Files (x86)\Windows Kits\10\Windows Performance Toolkit\;C:\Program Files\MySQL\MySQL Utilities 1.6\;C:\HashiCorp\Vagrant\bin;C:\xampp\php;C:\ProgramData\ComposerSetup\bin;C:\ProgramData\chocolatey\bin;C:\Program Files\nodejs\;C:\Ruby22\bin;C:\RailsInstaller\Git\cmd;C:\RailsInstaller\Ruby2.3.0\bin;C:\Users\Mbedn\AppData\Local\Microsoft\WindowsApps;C:\Users\Mbedn\AppData\Local\atom\bin;C:\Users\Mbedn\AppData\Local\.meteor\;C:\Program Files\Heroku\bin;"C:\Program Files\Sublime Text 3";C:\Program Files (x86)\Microsoft VS Code\bin;C:\Users\Mbedn\AppData\Roaming\npm

Yarn version: 
  0.23.3

Node version: 
  7.10.0

Platform: 
  win32 x64

npm manifest: 
  {
    "name": "realm-blog",
    "version": "1.0.0",
    "main": "index.js",
    "license": "MIT"
  }

yarn manifest: 
  No manifest

Lockfile: 
  No lockfile

Trace: 
  Error: getaddrinfo ENOENT registry.yarnpkg.com:443
      at Object.exports._errnoException (util.js:1050:11)
      at errnoException (dns.js:33:15)
      at GetAddrInfoReqWrap.onlookup [as oncomplete] (dns.js:73:26)
